<?xml version="1.0" encoding="UTF-8"?>
<testsuite name="Test.SendMessageTest" tests="1" skipped="0" failures="0" errors="0" timestamp="2018-12-09T13:02:44" hostname="MacBook-Air-Daniel.local" time="5.818">
  <properties/>
  <testcase name="testMessageForm" classname="Test.SendMessageTest" time="5.818"/>
  <system-out><![CDATA[]]></system-out>
  <system-err><![CDATA[JavaScript error: resource://devtools/client/jsonview/converter-observer.js, line 74: NS_ERROR_NOT_AVAILABLE: Component returned failure code: 0x80040111 (NS_ERROR_NOT_AVAILABLE) [nsIHttpChannel.contentType]
console.error: BroadcastService: 
  receivedBroadcastMessage: handler for
  remote-settings/monitor_changes
  threw error:
  Message: Error: Polling for changes failed: NetworkError when attempting to fetch resource..
  Stack:
    remoteSettingsFunction/remoteSettings.pollChanges@resource://services-settings/remote-settings.js:721:13

]]></system-err>
</testsuite>
