<?xml version="1.0" encoding="UTF-8"?>
<testsuite name="Test.AddToCartTest" tests="1" skipped="0" failures="0" errors="0" timestamp="2019-01-05T13:37:55" hostname="MacBook-Air-Daniel.local" time="11.036">
  <properties/>
  <testcase name="testAdditionToCard" classname="Test.AddToCartTest" time="11.036"/>
  <system-out><![CDATA[1 Product
]]></system-out>
  <system-err><![CDATA[]]></system-err>
</testsuite>
