<?xml version="1.0" encoding="UTF-8"?>
<testsuite name="Test.LogInTest" tests="1" skipped="0" failures="0" errors="0" timestamp="2019-01-05T13:37:52" hostname="MacBook-Air-Daniel.local" time="2.184">
  <properties/>
  <testcase name="testRegisterUser" classname="Test.LogInTest" time="2.184"/>
  <system-out><![CDATA[]]></system-out>
  <system-err><![CDATA[]]></system-err>
</testsuite>
