<?xml version="1.0" encoding="UTF-8"?>
<testsuite name="Test.SendMessageTest" tests="1" skipped="0" failures="0" errors="0" timestamp="2019-01-05T13:38:06" hostname="MacBook-Air-Daniel.local" time="5.063">
  <properties/>
  <testcase name="testMessageForm" classname="Test.SendMessageTest" time="5.063"/>
  <system-out><![CDATA[]]></system-out>
  <system-err><![CDATA[]]></system-err>
</testsuite>
