<?xml version="1.0" encoding="UTF-8"?>
<testsuite name="Test.LogInTest" tests="1" skipped="0" failures="0" errors="0" timestamp="2018-12-09T13:02:30" hostname="MacBook-Air-Daniel.local" time="2.901">
  <properties/>
  <testcase name="testRegisterUser" classname="Test.LogInTest" time="2.901"/>
  <system-out><![CDATA[]]></system-out>
  <system-err><![CDATA[]]></system-err>
</testsuite>
