<?xml version="1.0" encoding="UTF-8"?>
<testsuite name="com.telran.qa15.tests.TeamCreationTest" tests="1" skipped="0" failures="0" errors="0" timestamp="2018-11-05T14:16:19" hostname="MacBook-Air-Daniel.local" time="7.064">
  <properties/>
  <testcase name="testTeamCreation" classname="com.telran.qa15.tests.TeamCreationTest" time="7.064"/>
  <system-out><![CDATA[]]></system-out>
  <system-err><![CDATA[]]></system-err>
</testsuite>
