<?xml version="1.0" encoding="UTF-8"?>
<testsuite name="com.telRan.addressbook.tests.GroupCreationTests" tests="1" skipped="0" failures="0" errors="0" timestamp="2018-11-02T20:35:32" hostname="MacBook-Air-Daniel.local" time="1.707">
  <properties/>
  <testcase name="testGroupCreation" classname="com.telRan.addressbook.tests.GroupCreationTests" time="1.707"/>
  <system-out><![CDATA[]]></system-out>
  <system-err><![CDATA[]]></system-err>
</testsuite>
