<?xml version="1.0" encoding="UTF-8"?>
<testsuite name="com.telRan.addressbook.tests.AddressEntryCreationTests" tests="1" skipped="0" failures="0" errors="0" timestamp="2018-11-02T20:35:37" hostname="MacBook-Air-Daniel.local" time="2.586">
  <properties/>
  <testcase name="testAddressEntryCreation" classname="com.telRan.addressbook.tests.AddressEntryCreationTests" time="2.586"/>
  <system-out><![CDATA[]]></system-out>
  <system-err><![CDATA[]]></system-err>
</testsuite>
