<?xml version="1.0" encoding="UTF-8"?>
<testsuite name="com.telRan.addressbook.tests.AddressDeletionTests" tests="1" skipped="0" failures="0" errors="0" timestamp="2018-11-02T20:35:41" hostname="MacBook-Air-Daniel.local" time="3.579">
  <properties/>
  <testcase name="testAddressDelete" classname="com.telRan.addressbook.tests.AddressDeletionTests" time="3.579"/>
  <system-out><![CDATA[]]></system-out>
  <system-err><![CDATA[]]></system-err>
</testsuite>
