<?xml version="1.0" encoding="UTF-8"?>
<testsuite name="com.telRan.addressbook.tests.GroupDeletionTests" tests="1" skipped="0" failures="0" errors="0" timestamp="2018-11-02T20:35:36" hostname="MacBook-Air-Daniel.local" time="0.828">
  <properties/>
  <testcase name="testGroupDelition" classname="com.telRan.addressbook.tests.GroupDeletionTests" time="0.828"/>
  <system-out><![CDATA[]]></system-out>
  <system-err><![CDATA[]]></system-err>
</testsuite>
